-------------------------------------------------------------------------------
Test set: com.demo.tests.SmokeTest
-------------------------------------------------------------------------------
Tests run: 1, Failures: 1, Errors: 0, Skipped: 0, Time elapsed: 15.124 s <<< FAILURE! - in com.demo.tests.SmokeTest
SmokeTest1(com.demo.tests.SmokeTest)  Time elapsed: 14.507 s  <<< FAILURE!
org.openqa.selenium.support.ui.UnexpectedTagNameException: 
Element should have been "select" but was "a"
Build info: version: '4.0.0', revision: '3a21814679'
System info: host: 'DESKTOP-A1CAE3L', ip: '192.168.15.4', os.name: 'Windows 10', os.arch: 'amd64', os.version: '10.0', java.version: '17.0.3'
Driver info: driver.version: unknown
	at com.demo.tests.SmokeTest.SmokeTest1(SmokeTest.java:14)

